{\rtf1\ansi\ansicpg1252\cocoartf2512
\cocoatextscaling0\cocoaplatform0{\fonttbl\f0\fswiss\fcharset0 Helvetica;}
{\colortbl;\red255\green255\blue255;\red251\green0\blue7;}
{\*\expandedcolortbl;;\cssrgb\c100000\c12195\c0;}
\margl1440\margr1440\vieww10800\viewh8400\viewkind0
\deftab720
\pard\pardeftab720\partightenfactor0

\f0\fs24 \cf2 Please enter the file name: \
Students.txt\
Abey matches with Melissa with the score 60\
John matches with Jeff with the score 100\
Craig has no matches.\
Please enter the file name: \
FullRoster.txt\
Abhay matches with Alexandra with the score 100\
Adam matches with Alan with the score 100\
Alexander matches with Alfred with the score 100\
Analisa matches with Andrea with the score 100\
Andrew matches with Colin with the score 90\
Angelina matches with Kristin Lunney with the score 98\
Antonietta Vicky matches with Kristina with the score 95\
Arun Premnath matches with Kurt with the score 90\
Chih matches with Cynthia with the score 86\
Dalila matches with Lien T. with the score 87\
Dana Colleen matches with Lauren with the score 96\
Daniel has no matches.\
Kristal matches with Lifen with the score 81\
}